<?xml version="1.0" encoding="UTF-8"?>
<!-- Generated by org.testng.reporters.JUnitReportReporter -->
<testsuite skipped="0" hostname="LAPTOP-04O59CIP" name="FuntionalTestcases.Sprint1" tests="1" failures="0" timestamp="31 Aug 2020 12:55:51 GMT" time="42.183" errors="0">
  <testcase name="KPItest" time="42.183" classname="FuntionalTestcases.Sprint1"/>
</testsuite> <!-- FuntionalTestcases.Sprint1 -->
